app/build/outputs/logs/manifest-merger-debug-report.txt
-- Merging decision tree log ---
manifest
ADDED from src\main\AndroidManifest.xml:2:1-310:12
INJECTED from src\main\AndroidManifest.xml:2:1-310:12
INJECTED from src\main\AndroidManifest.xml:2:1-310:12
INJECTED from src\main\AndroidManifest.xml:2:1-310:12
MERGED from [com.android.support:appcompat-v7:28.0.0] AndroidManifest.xml:17:1-22:12
MERGED from [com.android.support:support-v4:28.0.0] AndroidManifest.xml:17:1-22:12
MERGED from [com.android.support:support-fragment:28.0.0] AndroidManifest.xml:17:1-22:12
MERGED from [com.android.support:animated-vector-drawable:28.0.0] AndroidManifest.xml:17:1-22:12
MERGED from [com.android.support:support-core-ui:28.0.0] AndroidManifest.xml:17:1-22:12
MERGED from [com.android.support:support-core-utils:28.0.0] AndroidManifest.xml:17:1-22:12
MERGED from [com.android.support:support-vector-drawable:28.0.0] AndroidManifest.xml:17:1-22:12
MERGED from [com.android.support:support-media-compat:28.0.0] AndroidManifest.xml:17:1-22:12
MERGED from [com.android.support:loader:28.0.0] AndroidManifest.xml:17:1-22:12
MERGED from [com.android.support:viewpager:28.0.0] AndroidManifest.xml:17:1-22:12
MERGED from [com.android.support:coordinatorlayout:28.0.0] AndroidManifest.xml:17:1-22:12
MERGED from [com.android.support:drawerlayout:28.0.0] AndroidManifest.xml:17:1-22:12
MERGED from [com.android.support:slidingpanelayout:28.0.0] AndroidManifest.xml:17:1-22:12
MERGED from [com.android.support:customview:28.0.0] AndroidManifest.xml:17:1-22:12
MERGED from [com.android.support:swiperefreshlayout:28.0.0] AndroidManifest.xml:17:1-22:12
MERGED from [com.android.support:asynclayoutinflater:28.0.0] AndroidManifest.xml:17:1-22:12
MERGED from [com.android.support:support-compat:28.0.0] AndroidManifest.xml:17:1-24:12
MERGED from [com.android.support:versionedparcelable:28.0.0] AndroidManifest.xml:17:1-25:12
MERGED from [com.android.support:cursoradapter:28.0.0] AndroidManifest.xml:17:1-22:12
MERGED from [android.arch.lifecycle:runtime:1.1.1] AndroidManifest.xml:17:1-22:12
MERGED from [com.android.support:documentfile:28.0.0] AndroidManifest.xml:17:1-22:12
MERGED from [com.android.support:localbroadcastmanager:28.0.0] AndroidManifest.xml:17:1-22:12
MERGED from [com.android.support:print:28.0.0] AndroidManifest.xml:17:1-22:12
MERGED from [android.arch.lifecycle:viewmodel:1.1.1] AndroidManifest.xml:17:1-22:12
MERGED from [com.android.support:interpolator:28.0.0] AndroidManifest.xml:17:1-22:12
MERGED from [android.arch.lifecycle:livedata:1.1.1] AndroidManifest.xml:17:1-22:12
MERGED from [android.arch.lifecycle:livedata-core:1.1.1] AndroidManifest.xml:17:1-22:12
MERGED from [android.arch.core:runtime:1.1.1] AndroidManifest.xml:17:1-22:12
INJECTED from src\main\AndroidManifest.xml:2:1-310:12
INJECTED from src\main\AndroidManifest.xml:2:1-310:12
INJECTED from src\main\AndroidManifest.xml:2:1-310:12
	package
		ADDED from src\main\AndroidManifest.xml:3:5-30
		INJECTED from src\main\AndroidManifest.xml
		INJECTED from src\main\AndroidManifest.xml
	android:versionName
		ADDED from src\main\AndroidManifest.xml:5:5-30
		INJECTED from src\main\AndroidManifest.xml
		INJECTED from src\main\AndroidManifest.xml
	xmlns:android
		ADDED from src\main\AndroidManifest.xml:2:11-69
	android:versionCode
		ADDED from src\main\AndroidManifest.xml:4:5-28
		INJECTED from src\main\AndroidManifest.xml
		INJECTED from src\main\AndroidManifest.xml
uses-permission#android.permission.CAMERA
ADDED from src\main\AndroidManifest.xml:7:5-65
	android:name
		ADDED from src\main\AndroidManifest.xml:7:22-62
uses-permission#android.permission.INTERNET
ADDED from src\main\AndroidManifest.xml:8:5-67
	android:name
		ADDED from src\main\AndroidManifest.xml:8:22-64
uses-permission#android.permission.READ_PHONE_STATE
ADDED from src\main\AndroidManifest.xml:9:5-75
	android:name
		ADDED from src\main\AndroidManifest.xml:9:22-72
uses-permission#android.permission.ACCESS_NETWORK_STATE
ADDED from src\main\AndroidManifest.xml:10:5-79
	android:name
		ADDED from src\main\AndroidManifest.xml:10:22-76
uses-permission#android.permission.READ_CONTACTS
ADDED from src\main\AndroidManifest.xml:11:5-72
	android:name
		ADDED from src\main\AndroidManifest.xml:11:22-69
uses-permission#android.permission.VIBRATE
ADDED from src\main\AndroidManifest.xml:13:5-66
	android:name
		ADDED from src\main\AndroidManifest.xml:13:22-63
uses-permission#android.permission.RECORD_AUDIO
ADDED from src\main\AndroidManifest.xml:15:5-71
	android:name
		ADDED from src\main\AndroidManifest.xml:15:22-68
uses-permission#android.permission.ACCESS_MOCK_LOCATION
ADDED from src\main\AndroidManifest.xml:18:5-79
	android:name
		ADDED from src\main\AndroidManifest.xml:18:22-76
uses-permission#android.permission.WRITE_EXTERNAL_STORAGE
ADDED from src\main\AndroidManifest.xml:19:5-81
	android:name
		ADDED from src\main\AndroidManifest.xml:19:22-78
uses-permission#android.permission.MOUNT_UNMOUNT_FILESYSTEMS
ADDED from src\main\AndroidManifest.xml:20:5-84
	android:name
		ADDED from src\main\AndroidManifest.xml:20:22-81
uses-permission#android.permission.ACCESS_FINE_LOCATION
ADDED from src\main\AndroidManifest.xml:21:5-79
	android:name
		ADDED from src\main\AndroidManifest.xml:21:22-76
uses-permission#android.permission.GET_TASKS
ADDED from src\main\AndroidManifest.xml:22:5-68
	android:name
		ADDED from src\main\AndroidManifest.xml:22:22-65
uses-permission#android.permission.ACCESS_WIFI_STATE
ADDED from src\main\AndroidManifest.xml:23:5-76
	android:name
		ADDED from src\main\AndroidManifest.xml:23:22-73
uses-permission#android.permission.CHANGE_WIFI_STATE
ADDED from src\main\AndroidManifest.xml:24:5-76
	android:name
		ADDED from src\main\AndroidManifest.xml:24:22-73
uses-permission#android.permission.WAKE_LOCK
ADDED from src\main\AndroidManifest.xml:25:5-68
	android:name
		ADDED from src\main\AndroidManifest.xml:25:22-65
uses-permission#android.permission.MODIFY_AUDIO_SETTINGS
ADDED from src\main\AndroidManifest.xml:26:5-80
	android:name
		ADDED from src\main\AndroidManifest.xml:26:22-77
uses-permission#android.permission.RECEIVE_BOOT_COMPLETED
ADDED from src\main\AndroidManifest.xml:28:5-81
	android:name
		ADDED from src\main\AndroidManifest.xml:28:22-78
uses-permission#android.permission.GET_ACCOUNTS
ADDED from src\main\AndroidManifest.xml:30:5-71
	android:name
		ADDED from src\main\AndroidManifest.xml:30:22-68
uses-permission#android.permission.USE_CREDENTIALS
ADDED from src\main\AndroidManifest.xml:31:5-74
	android:name
		ADDED from src\main\AndroidManifest.xml:31:22-71
uses-permission#android.permission.MANAGE_ACCOUNTS
ADDED from src\main\AndroidManifest.xml:32:5-74
	android:name
		ADDED from src\main\AndroidManifest.xml:32:22-71
uses-permission#android.permission.AUTHENTICATE_ACCOUNTS
ADDED from src\main\AndroidManifest.xml:33:5-80
	android:name
		ADDED from src\main\AndroidManifest.xml:33:22-77
uses-permission#com.android.launcher.permission.READ_SETTINGS
ADDED from src\main\AndroidManifest.xml:34:5-85
	android:name
		ADDED from src\main\AndroidManifest.xml:34:22-82
uses-permission#android.permission.BROADCAST_STICKY
ADDED from src\main\AndroidManifest.xml:35:5-75
	android:name
		ADDED from src\main\AndroidManifest.xml:35:22-72
uses-permission#android.permission.WRITE_SETTINGS
ADDED from src\main\AndroidManifest.xml:36:5-73
	android:name
		ADDED from src\main\AndroidManifest.xml:36:22-70
uses-permission#android.permission.ACCESS_DOWNLOAD_MANAGER
ADDED from src\main\AndroidManifest.xml:39:5-81
	android:name
		ADDED from src\main\AndroidManifest.xml:39:22-79
uses-permission#android.permission.DOWNLOAD_WITHOUT_NOTIFICATION
ADDED from src\main\AndroidManifest.xml:40:5-88
	android:name
		ADDED from src\main\AndroidManifest.xml:40:22-85
uses-permission#android.permission.DISABLE_KEYGUARD
ADDED from src\main\AndroidManifest.xml:41:5-75
	android:name
		ADDED from src\main\AndroidManifest.xml:41:22-72
uses-permission#android.permission.ACCESS_COARSE_LOCATION
ADDED from src\main\AndroidManifest.xml:42:5-81
	android:name
		ADDED from src\main\AndroidManifest.xml:42:22-78
application
ADDED from src\main\AndroidManifest.xml:44:5-308:19
MERGED from [com.android.support:support-compat:28.0.0] AndroidManifest.xml:22:5-94
MERGED from [com.android.support:support-compat:28.0.0] AndroidManifest.xml:22:5-94
MERGED from [com.android.support:versionedparcelable:28.0.0] AndroidManifest.xml:22:5-23:19
MERGED from [com.android.support:versionedparcelable:28.0.0] AndroidManifest.xml:22:5-23:19
	android:appComponentFactory
		ADDED from [com.android.support:support-compat:28.0.0] AndroidManifest.xml:22:18-91
	android:label
		ADDED from src\main\AndroidManifest.xml:48:9-41
	android:icon
		ADDED from src\main\AndroidManifest.xml:47:9-38
	android:allowBackup
		ADDED from src\main\AndroidManifest.xml:45:9-35
	android:theme
		ADDED from src\main\AndroidManifest.xml:49:9-40
	android:name
		ADDED from src\main\AndroidManifest.xml:46:9-43
activity#com.juns.wechat.SplashActivity
ADDED from src\main\AndroidManifest.xml:50:9-59:20
	android:screenOrientation
		ADDED from src\main\AndroidManifest.xml:52:13-49
	android:label
		ADDED from src\main\AndroidManifest.xml:53:13-45
	android:name
		ADDED from src\main\AndroidManifest.xml:51:13-43
intent-filter#action:name:android.intent.action.MAIN+action:name:android.intent.action.VIEW+category:name:android.intent.category.LAUNCHER
ADDED from src\main\AndroidManifest.xml:54:13-58:29
action#android.intent.action.MAIN
ADDED from src\main\AndroidManifest.xml:55:17-69
	android:name
		ADDED from src\main\AndroidManifest.xml:55:25-66
action#android.intent.action.VIEW
ADDED from src\main\AndroidManifest.xml:56:17-69
	android:name
		ADDED from src\main\AndroidManifest.xml:56:25-66
category#android.intent.category.LAUNCHER
ADDED from src\main\AndroidManifest.xml:57:17-77
	android:name
		ADDED from src\main\AndroidManifest.xml:57:27-74
activity#com.juns.wechat.MainActivity
ADDED from src\main\AndroidManifest.xml:60:9-62:20
	android:screenOrientation
		ADDED from src\main\AndroidManifest.xml:61:43-79
	android:name
		ADDED from src\main\AndroidManifest.xml:61:13-41
activity#com.juns.wechat.view.activity.LoginActivity
ADDED from src\main\AndroidManifest.xml:63:9-65:20
	android:screenOrientation
		ADDED from src\main\AndroidManifest.xml:64:58-94
	android:name
		ADDED from src\main\AndroidManifest.xml:64:13-56
activity#com.juns.wechat.view.activity.RegisterActivity
ADDED from src\main\AndroidManifest.xml:66:9-68:20
	android:screenOrientation
		ADDED from src\main\AndroidManifest.xml:67:61-97
	android:name
		ADDED from src\main\AndroidManifest.xml:67:13-59
activity#com.juns.wechat.view.activity.FriendMsgActivity
ADDED from src\main\AndroidManifest.xml:69:9-71:20
	android:screenOrientation
		ADDED from src\main\AndroidManifest.xml:70:62-98
	android:name
		ADDED from src\main\AndroidManifest.xml:70:13-60
activity#com.juns.wechat.view.activity.PublishUserListActivity
ADDED from src\main\AndroidManifest.xml:72:9-74:20
	android:screenOrientation
		ADDED from src\main\AndroidManifest.xml:73:68-104
	android:name
		ADDED from src\main\AndroidManifest.xml:73:13-66
activity#com.juns.wechat.view.activity.PublicActivity
ADDED from src\main\AndroidManifest.xml:75:9-77:20
	android:screenOrientation
		ADDED from src\main\AndroidManifest.xml:76:59-95
	android:name
		ADDED from src\main\AndroidManifest.xml:76:13-57
activity#com.juns.wechat.view.activity.SearchActivity
ADDED from src\main\AndroidManifest.xml:78:9-80:20
	android:screenOrientation
		ADDED from src\main\AndroidManifest.xml:79:59-95
	android:name
		ADDED from src\main\AndroidManifest.xml:79:13-57
activity#com.juns.wechat.view.activity.NewFriendsListActivity
ADDED from src\main\AndroidManifest.xml:81:9-83:20
	android:screenOrientation
		ADDED from src\main\AndroidManifest.xml:82:67-103
	android:name
		ADDED from src\main\AndroidManifest.xml:82:13-65
activity#com.juns.wechat.view.activity.GroupListActivity
ADDED from src\main\AndroidManifest.xml:84:9-86:20
	android:screenOrientation
		ADDED from src\main\AndroidManifest.xml:85:62-98
	android:name
		ADDED from src\main\AndroidManifest.xml:85:13-60
activity#com.juns.wechat.view.activity.PublishMsgListActivity
ADDED from src\main\AndroidManifest.xml:87:9-89:20
	android:screenOrientation
		ADDED from src\main\AndroidManifest.xml:88:67-103
	android:name
		ADDED from src\main\AndroidManifest.xml:88:13-65
activity#com.juns.wechat.view.activity.SettingActivity
ADDED from src\main\AndroidManifest.xml:90:9-92:20
	android:screenOrientation
		ADDED from src\main\AndroidManifest.xml:91:60-96
	android:name
		ADDED from src\main\AndroidManifest.xml:91:13-58
activity#com.juns.wechat.view.activity.AlbumActivity
ADDED from src\main\AndroidManifest.xml:93:9-95:20
	android:screenOrientation
		ADDED from src\main\AndroidManifest.xml:94:58-94
	android:name
		ADDED from src\main\AndroidManifest.xml:94:13-56
activity#com.juns.wechat.view.activity.PublishMsgDetailActivity
ADDED from src\main\AndroidManifest.xml:96:9-98:20
	android:screenOrientation
		ADDED from src\main\AndroidManifest.xml:97:69-105
	android:name
		ADDED from src\main\AndroidManifest.xml:97:13-67
activity#com.juns.wechat.view.activity.GetMoneyActivity
ADDED from src\main\AndroidManifest.xml:99:9-101:20
	android:screenOrientation
		ADDED from src\main\AndroidManifest.xml:100:61-97
	android:name
		ADDED from src\main\AndroidManifest.xml:100:13-59
activity#com.juns.wechat.view.activity.SetMoneyActivity
ADDED from src\main\AndroidManifest.xml:102:9-104:20
	android:screenOrientation
		ADDED from src\main\AndroidManifest.xml:103:61-97
	android:name
		ADDED from src\main\AndroidManifest.xml:103:13-59
activity#com.juns.wechat.view.activity.AddFromContactActivity
ADDED from src\main\AndroidManifest.xml:105:9-107:20
	android:screenOrientation
		ADDED from src\main\AndroidManifest.xml:106:67-103
	android:name
		ADDED from src\main\AndroidManifest.xml:106:13-65
activity#com.juns.wechat.view.activity.EditUserNameActivity
ADDED from src\main\AndroidManifest.xml:108:9-110:20
	android:screenOrientation
		ADDED from src\main\AndroidManifest.xml:109:65-101
	android:name
		ADDED from src\main\AndroidManifest.xml:109:13-63
activity#com.juns.wechat.view.activity.WebViewActivity
ADDED from src\main\AndroidManifest.xml:111:9-116:20
	android:screenOrientation
		ADDED from src\main\AndroidManifest.xml:113:13-47
	android:windowSoftInputMode
		ADDED from src\main\AndroidManifest.xml:115:13-72
	android:configChanges
		ADDED from src\main\AndroidManifest.xml:114:13-85
	android:name
		ADDED from src\main\AndroidManifest.xml:112:13-58
activity#com.juns.wechat.zxing.CaptureActivity
ADDED from src\main\AndroidManifest.xml:118:9-120:20
	android:screenOrientation
		ADDED from src\main\AndroidManifest.xml:119:52-88
	android:name
		ADDED from src\main\AndroidManifest.xml:119:13-50
activity#com.juns.wechat.view.activity.MyCodeActivity
ADDED from src\main\AndroidManifest.xml:121:9-123:20
	android:screenOrientation
		ADDED from src\main\AndroidManifest.xml:122:59-95
	android:name
		ADDED from src\main\AndroidManifest.xml:122:13-57
service#com.juns.wechat.view.UpdateService
ADDED from src\main\AndroidManifest.xml:124:9-63
	android:name
		ADDED from src\main\AndroidManifest.xml:124:18-52
activity#com.juns.wechat.view.activity.ShareActivity
ADDED from src\main\AndroidManifest.xml:126:9-150:20
	android:label
		ADDED from src\main\AndroidManifest.xml:128:13-45
	android:name
		ADDED from src\main\AndroidManifest.xml:127:13-56
intent-filter#action:name:android.intent.action.SEND+category:name:android.intent.category.DEFAULT+data:mimeType:image/*
ADDED from src\main\AndroidManifest.xml:129:13-135:29
action#android.intent.action.SEND
ADDED from src\main\AndroidManifest.xml:130:17-69
	android:name
		ADDED from src\main\AndroidManifest.xml:130:25-66
category#android.intent.category.DEFAULT
ADDED from src\main\AndroidManifest.xml:132:17-76
	android:name
		ADDED from src\main\AndroidManifest.xml:132:27-73
data
ADDED from src\main\AndroidManifest.xml:134:17-52
	android:mimeType
		ADDED from src\main\AndroidManifest.xml:134:23-49
intent-filter#action:name:android.intent.action.SEND+category:name:android.intent.category.DEFAULT+data:mimeType:text/plain
ADDED from src\main\AndroidManifest.xml:136:13-142:29
intent-filter#action:name:android.intent.action.SEND_MULTIPLE+category:name:android.intent.category.DEFAULT+data:mimeType:image/*
ADDED from src\main\AndroidManifest.xml:143:13-149:29
action#android.intent.action.SEND_MULTIPLE
ADDED from src\main\AndroidManifest.xml:144:17-78
	android:name
		ADDED from src\main\AndroidManifest.xml:144:25-75
activity#com.juns.wechat.chat.ChatActivity
ADDED from src\main\AndroidManifest.xml:153:9-159:20
	android:screenOrientation
		ADDED from src\main\AndroidManifest.xml:156:13-49
	android:launchMode
		ADDED from src\main\AndroidManifest.xml:155:13-43
	android:windowSoftInputMode
		ADDED from src\main\AndroidManifest.xml:158:13-65
	android:configChanges
		ADDED from src\main\AndroidManifest.xml:157:13-85
	android:name
		ADDED from src\main\AndroidManifest.xml:154:13-46
activity#com.juns.wechat.view.activity.AddGroupChatActivity
ADDED from src\main\AndroidManifest.xml:160:9-163:20
	android:screenOrientation
		ADDED from src\main\AndroidManifest.xml:162:13-49
	android:name
		ADDED from src\main\AndroidManifest.xml:161:13-63
activity#com.juns.wechat.view.activity.GroupSettingActivity
ADDED from src\main\AndroidManifest.xml:164:9-167:20
	android:screenOrientation
		ADDED from src\main\AndroidManifest.xml:166:13-49
	android:name
		ADDED from src\main\AndroidManifest.xml:165:13-63
activity#com.juns.wechat.chat.VoiceCallActivity
ADDED from src\main\AndroidManifest.xml:168:9-171:20
	android:screenOrientation
		ADDED from src\main\AndroidManifest.xml:170:13-49
	android:name
		ADDED from src\main\AndroidManifest.xml:169:13-51
activity#com.juns.wechat.chat.VideoCallActivity
ADDED from src\main\AndroidManifest.xml:172:9-175:20
	android:screenOrientation
		ADDED from src\main\AndroidManifest.xml:174:13-49
	android:name
		ADDED from src\main\AndroidManifest.xml:173:13-51
activity#com.juns.wechat.chat.BaiduMapActivity
ADDED from src\main\AndroidManifest.xml:176:9-179:20
	android:screenOrientation
		ADDED from src\main\AndroidManifest.xml:178:13-49
	android:name
		ADDED from src\main\AndroidManifest.xml:177:13-50
activity#com.juns.wechat.chat.AlertDialog
ADDED from src\main\AndroidManifest.xml:180:9-184:20
	android:screenOrientation
		ADDED from src\main\AndroidManifest.xml:183:13-49
	android:theme
		ADDED from src\main\AndroidManifest.xml:182:13-49
	android:name
		ADDED from src\main\AndroidManifest.xml:181:13-45
activity#com.juns.wechat.chat.ContextMenu
ADDED from src\main\AndroidManifest.xml:185:9-189:20
	android:screenOrientation
		ADDED from src\main\AndroidManifest.xml:188:13-49
	android:theme
		ADDED from src\main\AndroidManifest.xml:187:13-49
	android:name
		ADDED from src\main\AndroidManifest.xml:186:13-45
activity#com.juns.wechat.chat.ShowBigImage
ADDED from src\main\AndroidManifest.xml:190:9-194:20
	android:screenOrientation
		ADDED from src\main\AndroidManifest.xml:193:13-49
	android:theme
		ADDED from src\main\AndroidManifest.xml:192:13-52
	android:name
		ADDED from src\main\AndroidManifest.xml:191:13-46
activity#com.juns.wechat.chat.ShowNormalFileActivity
ADDED from src\main\AndroidManifest.xml:195:9-198:20
	android:screenOrientation
		ADDED from src\main\AndroidManifest.xml:197:13-49
	android:name
		ADDED from src\main\AndroidManifest.xml:196:13-56
activity#com.juns.wechat.chat.ShowVideoActivity
ADDED from src\main\AndroidManifest.xml:199:9-204:20
	android:screenOrientation
		ADDED from src\main\AndroidManifest.xml:203:13-49
	android:windowSoftInputMode
		ADDED from src\main\AndroidManifest.xml:202:13-60
	android:theme
		ADDED from src\main\AndroidManifest.xml:201:13-52
	android:name
		ADDED from src\main\AndroidManifest.xml:200:13-51
receiver#com.easemob.chat.StartServiceReceiver
ADDED from src\main\AndroidManifest.xml:206:9-213:20
	android:name
		ADDED from src\main\AndroidManifest.xml:206:19-71
intent-filter#action:name:android.intent.action.BOOT_COMPLETED+action:name:android.intent.action.QUICKBOOT_POWERON+category:name:android.intent.category.LAUNCHER
ADDED from src\main\AndroidManifest.xml:207:13-212:29
	android:priority
		ADDED from src\main\AndroidManifest.xml:207:28-51
action#android.intent.action.BOOT_COMPLETED
ADDED from src\main\AndroidManifest.xml:208:17-79
	android:name
		ADDED from src\main\AndroidManifest.xml:208:25-76
action#android.intent.action.QUICKBOOT_POWERON
ADDED from src\main\AndroidManifest.xml:209:17-82
	android:name
		ADDED from src\main\AndroidManifest.xml:209:25-79
meta-data#EASEMOB_APPKEY
ADDED from src\main\AndroidManifest.xml:217:9-219:43
	android:value
		ADDED from src\main\AndroidManifest.xml:219:13-40
	android:name
		ADDED from src\main\AndroidManifest.xml:218:13-42
service#com.easemob.chat.EMChatService
ADDED from src\main\AndroidManifest.xml:221:9-66
	android:name
		ADDED from src\main\AndroidManifest.xml:221:18-63
service#com.baidu.location.f
ADDED from src\main\AndroidManifest.xml:224:9-228:15
	android:process
		ADDED from src\main\AndroidManifest.xml:227:13-38
	android:enabled
		ADDED from src\main\AndroidManifest.xml:226:13-35
	android:name
		ADDED from src\main\AndroidManifest.xml:225:13-48
meta-data#UMENG_APPKEY
ADDED from src\main\AndroidManifest.xml:230:9-233:21
	android:value
		ADDED from src\main\AndroidManifest.xml:232:13-53
	android:name
		ADDED from src\main\AndroidManifest.xml:231:13-40
meta-data#com.baidu.lbsapi.API_KEY
ADDED from src\main\AndroidManifest.xml:234:9-236:64
	android:value
		ADDED from src\main\AndroidManifest.xml:236:13-61
	android:name
		ADDED from src\main\AndroidManifest.xml:235:13-52
service#com.baidu.android.pushservice.PushService
ADDED from src\main\AndroidManifest.xml:243:9-250:19
	android:process
		ADDED from src\main\AndroidManifest.xml:246:13-44
	android:exported
		ADDED from src\main\AndroidManifest.xml:245:13-36
	android:name
		ADDED from src\main\AndroidManifest.xml:244:13-69
intent-filter#action:name:com.baidu.android.pushservice.action.PUSH_SERVICE
ADDED from src\main\AndroidManifest.xml:247:13-249:29
action#com.baidu.android.pushservice.action.PUSH_SERVICE
ADDED from src\main\AndroidManifest.xml:248:17-91
	android:name
		ADDED from src\main\AndroidManifest.xml:248:25-89
service#com.baidu.android.pushservice.CommandService
ADDED from src\main\AndroidManifest.xml:252:9-254:39
	android:exported
		ADDED from src\main\AndroidManifest.xml:254:13-36
	android:name
		ADDED from src\main\AndroidManifest.xml:253:13-72
receiver#com.baidu.android.pushservice.PushServiceReceiver
ADDED from src\main\AndroidManifest.xml:255:9-263:20
	android:process
		ADDED from src\main\AndroidManifest.xml:256:13-44
	android:name
		ADDED from src\main\AndroidManifest.xml:255:19-83
intent-filter#action:name:android.intent.action.BOOT_COMPLETED+action:name:android.net.conn.CONNECTIVITY_CHANGE+action:name:com.baidu.android.pushservice.action.media.CLICK+action:name:com.baidu.android.pushservice.action.notification.SHOW
ADDED from src\main\AndroidManifest.xml:257:13-262:29
action#android.net.conn.CONNECTIVITY_CHANGE
ADDED from src\main\AndroidManifest.xml:259:17-79
	android:name
		ADDED from src\main\AndroidManifest.xml:259:25-76
action#com.baidu.android.pushservice.action.notification.SHOW
ADDED from src\main\AndroidManifest.xml:260:17-97
	android:name
		ADDED from src\main\AndroidManifest.xml:260:25-94
action#com.baidu.android.pushservice.action.media.CLICK
ADDED from src\main\AndroidManifest.xml:261:17-91
	android:name
		ADDED from src\main\AndroidManifest.xml:261:25-88
receiver#com.juns.wechat.PushMessageReceiver
ADDED from src\main\AndroidManifest.xml:265:9-273:20
	android:name
		ADDED from src\main\AndroidManifest.xml:265:19-69
intent-filter#action:name:com.baidu.android.pushservice.action.MESSAGE+action:name:com.baidu.android.pushservice.action.RECEIVE+action:name:com.baidu.android.pushservice.action.notification.CLICK
ADDED from src\main\AndroidManifest.xml:266:13-272:29
action#com.baidu.android.pushservice.action.MESSAGE
ADDED from src\main\AndroidManifest.xml:268:17-87
	android:name
		ADDED from src\main\AndroidManifest.xml:268:25-84
action#com.baidu.android.pushservice.action.RECEIVE
ADDED from src\main\AndroidManifest.xml:270:17-87
	android:name
		ADDED from src\main\AndroidManifest.xml:270:25-84
action#com.baidu.android.pushservice.action.notification.CLICK
ADDED from src\main\AndroidManifest.xml:271:17-98
	android:name
		ADDED from src\main\AndroidManifest.xml:271:25-95
meta-data#api_key
ADDED from src\main\AndroidManifest.xml:307:9-86
	android:value
		ADDED from src\main\AndroidManifest.xml:307:43-83
	android:name
		ADDED from src\main\AndroidManifest.xml:307:20-42
uses-sdk
INJECTED from src\main\AndroidManifest.xml reason: use-sdk injection requested
INJECTED from src\main\AndroidManifest.xml
INJECTED from src\main\AndroidManifest.xml
MERGED from [com.android.support:appcompat-v7:28.0.0] AndroidManifest.xml:20:5-44
MERGED from [com.android.support:appcompat-v7:28.0.0] AndroidManifest.xml:20:5-44
MERGED from [com.android.support:support-v4:28.0.0] AndroidManifest.xml:20:5-44
MERGED from [com.android.support:support-v4:28.0.0] AndroidManifest.xml:20:5-44
MERGED from [com.android.support:support-fragment:28.0.0] AndroidManifest.xml:20:5-44
MERGED from [com.android.support:support-fragment:28.0.0] AndroidManifest.xml:20:5-44
MERGED from [com.android.support:animated-vector-drawable:28.0.0] AndroidManifest.xml:20:5-44
MERGED from [com.android.support:animated-vector-drawable:28.0.0] AndroidManifest.xml:20:5-44
MERGED from [com.android.support:support-core-ui:28.0.0] AndroidManifest.xml:20:5-44
MERGED from [com.android.support:support-core-ui:28.0.0] AndroidManifest.xml:20:5-44
MERGED from [com.android.support:support-core-utils:28.0.0] AndroidManifest.xml:20:5-44
MERGED from [com.android.support:support-core-utils:28.0.0] AndroidManifest.xml:20:5-44
MERGED from [com.android.support:support-vector-drawable:28.0.0] AndroidManifest.xml:20:5-44
MERGED from [com.android.support:support-vector-drawable:28.0.0] AndroidManifest.xml:20:5-44
MERGED from [com.android.support:support-media-compat:28.0.0] AndroidManifest.xml:20:5-44
MERGED from [com.android.support:support-media-compat:28.0.0] AndroidManifest.xml:20:5-44
MERGED from [com.android.support:loader:28.0.0] AndroidManifest.xml:20:5-44
MERGED from [com.android.support:loader:28.0.0] AndroidManifest.xml:20:5-44
MERGED from [com.android.support:viewpager:28.0.0] AndroidManifest.xml:20:5-44
MERGED from [com.android.support:viewpager:28.0.0] AndroidManifest.xml:20:5-44
MERGED from [com.android.support:coordinatorlayout:28.0.0] AndroidManifest.xml:20:5-44
MERGED from [com.android.support:coordinatorlayout:28.0.0] AndroidManifest.xml:20:5-44
MERGED from [com.android.support:drawerlayout:28.0.0] AndroidManifest.xml:20:5-44
MERGED from [com.android.support:drawerlayout:28.0.0] AndroidManifest.xml:20:5-44
MERGED from [com.android.support:slidingpanelayout:28.0.0] AndroidManifest.xml:20:5-44
MERGED from [com.android.support:slidingpanelayout:28.0.0] AndroidManifest.xml:20:5-44
MERGED from [com.android.support:customview:28.0.0] AndroidManifest.xml:20:5-44
MERGED from [com.android.support:customview:28.0.0] AndroidManifest.xml:20:5-44
MERGED from [com.android.support:swiperefreshlayout:28.0.0] AndroidManifest.xml:20:5-44
MERGED from [com.android.support:swiperefreshlayout:28.0.0] AndroidManifest.xml:20:5-44
MERGED from [com.android.support:asynclayoutinflater:28.0.0] AndroidManifest.xml:20:5-44
MERGED from [com.android.support:asynclayoutinflater:28.0.0] AndroidManifest.xml:20:5-44
MERGED from [com.android.support:support-compat:28.0.0] AndroidManifest.xml:20:5-44
MERGED from [com.android.support:support-compat:28.0.0] AndroidManifest.xml:20:5-44
MERGED from [com.android.support:versionedparcelable:28.0.0] AndroidManifest.xml:20:5-44
MERGED from [com.android.support:versionedparcelable:28.0.0] AndroidManifest.xml:20:5-44
MERGED from [com.android.support:cursoradapter:28.0.0] AndroidManifest.xml:20:5-44
MERGED from [com.android.support:cursoradapter:28.0.0] AndroidManifest.xml:20:5-44
MERGED from [android.arch.lifecycle:runtime:1.1.1] AndroidManifest.xml:20:5-44
MERGED from [android.arch.lifecycle:runtime:1.1.1] AndroidManifest.xml:20:5-44
MERGED from [com.android.support:documentfile:28.0.0] AndroidManifest.xml:20:5-44
MERGED from [com.android.support:documentfile:28.0.0] AndroidManifest.xml:20:5-44
MERGED from [com.android.support:localbroadcastmanager:28.0.0] AndroidManifest.xml:20:5-44
MERGED from [com.android.support:localbroadcastmanager:28.0.0] AndroidManifest.xml:20:5-44
MERGED from [com.android.support:print:28.0.0] AndroidManifest.xml:20:5-44
MERGED from [com.android.support:print:28.0.0] AndroidManifest.xml:20:5-44
MERGED from [android.arch.lifecycle:viewmodel:1.1.1] AndroidManifest.xml:20:5-44
MERGED from [android.arch.lifecycle:viewmodel:1.1.1] AndroidManifest.xml:20:5-44
MERGED from [com.android.support:interpolator:28.0.0] AndroidManifest.xml:20:5-44
MERGED from [com.android.support:interpolator:28.0.0] AndroidManifest.xml:20:5-44
MERGED from [android.arch.lifecycle:livedata:1.1.1] AndroidManifest.xml:20:5-44
MERGED from [android.arch.lifecycle:livedata:1.1.1] AndroidManifest.xml:20:5-44
MERGED from [android.arch.lifecycle:livedata-core:1.1.1] AndroidManifest.xml:20:5-44
MERGED from [android.arch.lifecycle:livedata-core:1.1.1] AndroidManifest.xml:20:5-44
MERGED from [android.arch.core:runtime:1.1.1] AndroidManifest.xml:20:5-44
MERGED from [android.arch.core:runtime:1.1.1] AndroidManifest.xml:20:5-44
INJECTED from src\main\AndroidManifest.xml
INJECTED from src\main\AndroidManifest.xml
	android:targetSdkVersion
		INJECTED from src\main\AndroidManifest.xml
		ADDED from src\main\AndroidManifest.xml
		INJECTED from src\main\AndroidManifest.xml
	android:minSdkVersion
		INJECTED from src\main\AndroidManifest.xml
		ADDED from src\main\AndroidManifest.xml
		INJECTED from src\main\AndroidManifest.xml